Change Component Footprint: Designator=JP2 Old Footprint=HDR2.54-LI-2x7P New Footprint=HDR2.54-LI-2x8P
Change Component Comment : Designator=JP2 Old Comment=Header 2X7 New Comment=Header 8X2
Change component parameters: Designator = "JP2" ("JP2"); Footprint = "HDR2.54-LI-2x7P"; UniqueID = "$$$\PLVPNRLJ" ("$$$\PLVPNRLJ")
Change component parameters (AddParameter): Name = "BOM名称"; Value = "8*2P接插件"; VariantName = "[No Variations]"
Change component parameters (AddParameter): Name = "学习资源"; Value = "www.ooocke.com"; VariantName = "[No Variations]"
Change component parameters (AddParameter): Name = "版权归属"; Value = "源创客"; VariantName = "[No Variations]"
Added Component: Designator=C33(C 1206_L)
Add component (AddParameter): Name = "BOM名称"; Value = "无极性贴片电容"; VariantName = "[No Variations]"
Add component (AddParameter): Name = "学习资源"; Value = "www.ooocke.com"; VariantName = "[No Variations]"
Add component (AddParameter): Name = "材质"; Value = "X7R"; VariantName = "[No Variations]"
Add component (AddParameter): Name = "版权归属"; Value = "源创客"; VariantName = "[No Variations]"
Added Component: Designator=C34(C 1210_L)
Add component (AddParameter): Name = "BOM名称"; Value = "无极性贴片电容"; VariantName = "[No Variations]"
Add component (AddParameter): Name = "学习资源"; Value = "www.ooocke.com"; VariantName = "[No Variations]"
Add component (AddParameter): Name = "材质"; Value = "X7R"; VariantName = "[No Variations]"
Add component (AddParameter): Name = "版权归属"; Value = "源创客"; VariantName = "[No Variations]"
Added Component: Designator=L1(L 0805_L)
Add component (AddParameter): Name = "BOM名称"; Value = "小功率贴片电感"; VariantName = "[No Variations]"
Add component (AddParameter): Name = "学习资源"; Value = "www.ooocke.com"; VariantName = "[No Variations]"
Add component (AddParameter): Name = "版权归属"; Value = "源创客"; VariantName = "[No Variations]"
Added Component: Designator=L2(CD43)
Add component (AddParameter): Name = "BOM名称"; Value = "功率电感"; VariantName = "[No Variations]"
Add component (AddParameter): Name = "学习资源"; Value = "www.ooocke.com"; VariantName = "[No Variations]"
Add component (AddParameter): Name = "版权归属"; Value = "源创客"; VariantName = "[No Variations]"
Added Component: Designator=L3(L 0805_L)
Add component (AddParameter): Name = "BOM名称"; Value = "小功率贴片电感"; VariantName = "[No Variations]"
Add component (AddParameter): Name = "学习资源"; Value = "www.ooocke.com"; VariantName = "[No Variations]"
Add component (AddParameter): Name = "版权归属"; Value = "源创客"; VariantName = "[No Variations]"
Added Pin To Net: NetName=VCC5V Pin=JP2-1
Added Pin To Net: NetName=AGND Pin=JP2-15
Added Pin To Net: NetName=PGND Pin=JP3-3
Added Pin To Net: NetName=AGND Pin=JP3-5
Added Pin To Net: NetName=VCC5V Pin=JP3-6
Added Pin To Net: NetName=AGND Pin=JP3-7
Added Pin To Net: NetName=AGND Pin=JP3-9
Added Pin To Net: NetName=AGND Pin=JP3-11
Added Pin To Net: NetName=AGND Pin=JP3-13
Added Pin To Net: NetName=PGND Pin=JP4-3
Added Pin To Net: NetName=AGND Pin=JP4-5
Added Pin To Net: NetName=VCC5V Pin=JP4-6
Added Pin To Net: NetName=AGND Pin=JP4-7
Added Pin To Net: NetName=AGND Pin=JP4-9
Added Pin To Net: NetName=AGND Pin=JP4-11
Added Pin To Net: NetName=AGND Pin=JP4-13
Added Pin To Net: NetName=+9V_ISO_B1 Pin=C10-2
Added Pin To Net: NetName=+9V_ISO_B1 Pin=JP4-1
Added Pin To Net: NetName=+9V_ISO_B1 Pin=U4-6
Added Net: Name=+9V_ISO_B1
Added Pin To Net: NetName=+9V_ISO_B2 Pin=C32-2
Added Pin To Net: NetName=+9V_ISO_B2 Pin=JP3-1
Added Pin To Net: NetName=+9V_ISO_B2 Pin=U8-6
Added Net: Name=+9V_ISO_B2
Added Pin To Net: NetName=+9V_ISO_T1 Pin=C4-2
Added Pin To Net: NetName=+9V_ISO_T1 Pin=JP4-2
Added Pin To Net: NetName=+9V_ISO_T1 Pin=U2-6
Added Net: Name=+9V_ISO_T1
Added Pin To Net: NetName=+9V_ISO_T2 Pin=C30-2
Added Pin To Net: NetName=+9V_ISO_T2 Pin=JP3-2
Added Pin To Net: NetName=+9V_ISO_T2 Pin=U7-6
Added Net: Name=+9V_ISO_T2
Added Pin To Net: NetName=Bot1_IN+ Pin=JP2-6
Added Pin To Net: NetName=Bot1_IN+ Pin=JP4-12
Added Net: Name=Bot1_IN+
Added Pin To Net: NetName=Bot1_IN- Pin=JP2-8
Added Pin To Net: NetName=Bot1_IN- Pin=JP4-14
Added Net: Name=Bot1_IN-
Added Pin To Net: NetName=Bot2_IN+ Pin=JP2-14
Added Pin To Net: NetName=Bot2_IN+ Pin=JP3-12
Added Net: Name=Bot2_IN+
Added Pin To Net: NetName=Bot2_IN- Pin=JP2-16
Added Pin To Net: NetName=Bot2_IN- Pin=JP3-14
Added Net: Name=Bot2_IN-
Added Pin To Net: NetName=NetC33_2 Pin=C33-2
Added Pin To Net: NetName=NetC33_2 Pin=C34-2
Added Pin To Net: NetName=NetC33_2 Pin=L2-2
Added Net: Name=NetC33_2
Added Pin To Net: NetName=SW1 Pin=C4-1
Added Pin To Net: NetName=SW1 Pin=JP4-4
Added Pin To Net: NetName=SW1 Pin=L2-1
Added Pin To Net: NetName=SW1 Pin=U2-7
Added Net: Name=SW1
Added Pin To Net: NetName=SW2 Pin=C30-1
Added Pin To Net: NetName=SW2 Pin=C33-1
Added Pin To Net: NetName=SW2 Pin=C34-1
Added Pin To Net: NetName=SW2 Pin=JP3-4
Added Pin To Net: NetName=SW2 Pin=U7-7
Added Net: Name=SW2
Added Pin To Net: NetName=Top1_IN+ Pin=JP2-2
Added Pin To Net: NetName=Top1_IN+ Pin=JP4-8
Added Net: Name=Top1_IN+
Added Pin To Net: NetName=Top1_IN- Pin=JP2-4
Added Pin To Net: NetName=Top1_IN- Pin=JP4-10
Added Net: Name=Top1_IN-
Added Pin To Net: NetName=Top2_IN+ Pin=JP2-10
Added Pin To Net: NetName=Top2_IN+ Pin=JP3-8
Added Net: Name=Top2_IN+
Added Pin To Net: NetName=Top2_IN- Pin=JP2-12
Added Pin To Net: NetName=Top2_IN- Pin=JP3-10
Added Net: Name=Top2_IN-
